{"/Users/simonroope/Documents/scr/codeworks/refactor/WattaniteRefactor/serverTS/src/controllers/movieController.ts": {"path":"/Users/simonroope/Documents/scr/codeworks/refactor/WattaniteRefactor/serverTS/src/controllers/movieController.ts","statementMap":{"0":{"start":{"line":3,"column":0},"end":{"line":3,"column":24}},"1":{"start":{"line":5,"column":0},"end":{"line":5,"column":33}},"2":{"start":{"line":6,"column":0},"end":{"line":6,"column":66}},"3":{"start":{"line":7,"column":39},"end":{"line":7,"column":74}},"4":{"start":{"line":8,"column":17},"end":{"line":8,"column":87}},"5":{"start":{"line":10,"column":26},"end":{"line":22,"column":2}},"6":{"start":{"line":10,"column":64},"end":{"line":22,"column":2}},"7":{"start":{"line":11,"column":2},"end":{"line":21,"column":null}},"8":{"start":{"line":12,"column":4},"end":{"line":12,"column":null}},"9":{"start":{"line":13,"column":20},"end":{"line":13,"column":41}},"10":{"start":{"line":14,"column":23},"end":{"line":14,"column":42}},"11":{"start":{"line":15,"column":4},"end":{"line":15,"column":null}},"12":{"start":{"line":16,"column":4},"end":{"line":16,"column":null}},"13":{"start":{"line":19,"column":4},"end":{"line":19,"column":46}},"14":{"start":{"line":20,"column":4},"end":{"line":20,"column":20}},"15":{"start":{"line":10,"column":13},"end":{"line":10,"column":26}}},"fnMap":{"0":{"name":"(anonymous_14)","decl":{"start":{"line":10,"column":26},"end":{"line":10,"column":33}},"loc":{"start":{"line":10,"column":64},"end":{"line":22,"column":2}}},"1":{"name":"(anonymous_15)","decl":{"start":{"line":10,"column":64},"end":{"line":10,"column":null}},"loc":{"start":{"line":10,"column":64},"end":{"line":22,"column":1}}}},"branchMap":{},"s":{"0":1,"1":1,"2":1,"3":1,"4":1,"5":1,"6":1,"7":1,"8":1,"9":1,"10":1,"11":1,"12":1,"13":0,"14":0,"15":1},"f":{"0":1,"1":1},"b":{}}
,"/Users/simonroope/Documents/scr/codeworks/refactor/WattaniteRefactor/serverTS/src/controllers/restaurantController.ts": {"path":"/Users/simonroope/Documents/scr/codeworks/refactor/WattaniteRefactor/serverTS/src/controllers/restaurantController.ts","statementMap":{"0":{"start":{"line":3,"column":0},"end":{"line":3,"column":24}},"1":{"start":{"line":5,"column":0},"end":{"line":5,"column":33}},"2":{"start":{"line":6,"column":0},"end":{"line":6,"column":66}},"3":{"start":{"line":8,"column":44},"end":{"line":8,"column":80}},"4":{"start":{"line":9,"column":22},"end":{"line":9,"column":155}},"5":{"start":{"line":11,"column":17},"end":{"line":12,"column":108}},"6":{"start":{"line":12,"column":2},"end":{"line":12,"column":108}},"7":{"start":{"line":14,"column":30},"end":{"line":33,"column":null}},"8":{"start":{"line":14,"column":68},"end":{"line":33,"column":null}},"9":{"start":{"line":15,"column":2},"end":{"line":32,"column":null}},"10":{"start":{"line":16,"column":4},"end":{"line":16,"column":null}},"11":{"start":{"line":17,"column":29},"end":{"line":17,"column":55}},"12":{"start":{"line":18,"column":24},"end":{"line":18,"column":52}},"13":{"start":{"line":19,"column":4},"end":{"line":25,"column":null}},"14":{"start":{"line":20,"column":6},"end":{"line":24,"column":null}},"15":{"start":{"line":21,"column":8},"end":{"line":23,"column":null}},"16":{"start":{"line":22,"column":22},"end":{"line":22,"column":68}},"17":{"start":{"line":24,"column":15},"end":{"line":24,"column":59}},"18":{"start":{"line":26,"column":4},"end":{"line":26,"column":null}},"19":{"start":{"line":27,"column":4},"end":{"line":27,"column":null}},"20":{"start":{"line":30,"column":4},"end":{"line":30,"column":50}},"21":{"start":{"line":31,"column":4},"end":{"line":31,"column":20}},"22":{"start":{"line":14,"column":13},"end":{"line":14,"column":30}}},"fnMap":{"0":{"name":"(anonymous_14)","decl":{"start":{"line":11,"column":17},"end":{"line":11,"column":18}},"loc":{"start":{"line":12,"column":2},"end":{"line":12,"column":108}}},"1":{"name":"(anonymous_15)","decl":{"start":{"line":14,"column":30},"end":{"line":14,"column":37}},"loc":{"start":{"line":14,"column":68},"end":{"line":33,"column":null}}},"2":{"name":"(anonymous_16)","decl":{"start":{"line":14,"column":68},"end":{"line":14,"column":null}},"loc":{"start":{"line":14,"column":68},"end":{"line":33,"column":1}}},"3":{"name":"(anonymous_17)","decl":{"start":{"line":19,"column":32},"end":{"line":19,"column":33}},"loc":{"start":{"line":19,"column":63},"end":{"line":25,"column":5}}},"4":{"name":"(anonymous_18)","decl":{"start":{"line":22,"column":10},"end":{"line":22,"column":11}},"loc":{"start":{"line":22,"column":22},"end":{"line":22,"column":68}}}},"branchMap":{"0":{"loc":{"start":{"line":20,"column":6},"end":{"line":24,"column":null}},"type":"if","locations":[{"start":{"line":20,"column":6},"end":{"line":24,"column":null}},{"start":{"line":24,"column":13},"end":{"line":24,"column":null}}]}},"s":{"0":1,"1":1,"2":1,"3":1,"4":1,"5":1,"6":0,"7":1,"8":0,"9":0,"10":0,"11":0,"12":0,"13":0,"14":0,"15":0,"16":0,"17":0,"18":0,"19":0,"20":0,"21":0,"22":1},"f":{"0":0,"1":0,"2":0,"3":0,"4":0},"b":{"0":[0,0]}}
,"/Users/simonroope/Documents/scr/codeworks/refactor/WattaniteRefactor/serverTS/src/routes/Api.ts": {"path":"/Users/simonroope/Documents/scr/codeworks/refactor/WattaniteRefactor/serverTS/src/routes/Api.ts","statementMap":{"0":{"start":{"line":1,"column":0},"end":{"line":1,"column":30}},"1":{"start":{"line":2,"column":0},"end":{"line":2,"column":69}},"2":{"start":{"line":3,"column":0},"end":{"line":3,"column":59}},"3":{"start":{"line":5,"column":15},"end":{"line":5,"column":31}},"4":{"start":{"line":6,"column":0},"end":{"line":6,"column":33}},"5":{"start":{"line":7,"column":0},"end":{"line":7,"column":43}},"6":{"start":{"line":9,"column":0},"end":{"line":9,"column":22}}},"fnMap":{},"branchMap":{},"s":{"0":1,"1":1,"2":1,"3":1,"4":1,"5":1,"6":1},"f":{},"b":{}}
,"/Users/simonroope/Documents/scr/codeworks/refactor/WattaniteRefactor/serverTS/tests/helpers/mockServer.ts": {"path":"/Users/simonroope/Documents/scr/codeworks/refactor/WattaniteRefactor/serverTS/tests/helpers/mockServer.ts","statementMap":{"0":{"start":{"line":1,"column":0},"end":{"line":1,"column":32}},"1":{"start":{"line":2,"column":0},"end":{"line":2,"column":47}},"2":{"start":{"line":3,"column":0},"end":{"line":3,"column":24}},"3":{"start":{"line":4,"column":0},"end":{"line":4,"column":42}},"4":{"start":{"line":7,"column":25},"end":{"line":7,"column":34}},"5":{"start":{"line":8,"column":0},"end":{"line":8,"column":16}},"6":{"start":{"line":9,"column":0},"end":{"line":9,"column":24}},"7":{"start":{"line":10,"column":0},"end":{"line":10,"column":16}},"8":{"start":{"line":12,"column":0},"end":{"line":12,"column":28}}},"fnMap":{},"branchMap":{},"s":{"0":1,"1":1,"2":1,"3":1,"4":1,"5":1,"6":1,"7":1,"8":1},"f":{},"b":{}}
}
